<?xml version="1.0" encoding="UTF-8"?>
<!-- Generated by org.testng.reporters.JUnitXMLReporter -->
<testsuite ignored="4" hostname="DESKTOP-GD0S75V" failures="0" tests="3" name="Test_All" time="199.89" errors="0" timestamp="2022-12-30T11:35:51 GMT-08:00">
  <testcase classname="com.webapptestproject.testcases.ExtensionPageTest" name="validateIfExtensionInstalled" time="48.597"/>
  <testcase classname="com.webapptestproject.testcases.PositiveTestCase" name="checkForErrorReplacement" time="75.164"/>
  <testcase classname="com.webapptestproject.testcases.NegativeTestCase" name="validateLanguageErrorsAreNotDetected" time="55.13"/>
  <testcase classname="com.webapptestproject.base.BaseClass" name="@BeforeSuite loadConfig" time="0.0">
    <ignored/>
  </testcase> <!-- @BeforeSuite loadConfig -->
  <testcase classname="com.webapptestproject.base.BaseClass" name="@BeforeSuite loadConfig" time="0.0">
    <ignored/>
  </testcase> <!-- @BeforeSuite loadConfig -->
  <testcase classname="com.webapptestproject.base.BaseClass" name="@AfterSuite afterSuite" time="0.0">
    <ignored/>
  </testcase> <!-- @AfterSuite afterSuite -->
  <testcase classname="com.webapptestproject.base.BaseClass" name="@AfterSuite afterSuite" time="0.0">
    <ignored/>
  </testcase> <!-- @AfterSuite afterSuite -->
</testsuite> <!-- Test_All -->
