<?xml version="1.0" encoding="UTF-8"?>
<!-- Generated by org.testng.reporters.JUnitXMLReporter -->
<testsuite ignored="4" hostname="DESKTOP-GD0S75V" failures="0" tests="3" name="Test_All" time="235.176" errors="0" timestamp="2022-12-25T21:23:24 GMT-08:00">
  <testcase classname="com.webapptestproject.testcases.ExtensionPageTest" name="validateIfExtensionInstalled" time="75.839"/>
  <testcase classname="com.webapptestproject.testcases.PositiveTestCase" name="checkForErrorReplaement" time="74.634"/>
  <testcase classname="com.webapptestproject.testcases.NegativeTestCase" name="validateLanguageErrorsAreNotDetected" time="60.318"/>
  <testcase classname="com.webapptestproject.base.BaseClass" name="@BeforeSuite loadConfig" time="0.0">
    <ignored/>
  </testcase> <!-- @BeforeSuite loadConfig -->
  <testcase classname="com.webapptestproject.base.BaseClass" name="@BeforeSuite loadConfig" time="0.0">
    <ignored/>
  </testcase> <!-- @BeforeSuite loadConfig -->
  <testcase classname="com.webapptestproject.base.BaseClass" name="@AfterSuite afterSuite" time="0.0">
    <ignored/>
  </testcase> <!-- @AfterSuite afterSuite -->
  <testcase classname="com.webapptestproject.base.BaseClass" name="@AfterSuite afterSuite" time="0.0">
    <ignored/>
  </testcase> <!-- @AfterSuite afterSuite -->
</testsuite> <!-- Test_All -->
