<?xml version="1.0" encoding="UTF-8"?>
<testng-results ignored="4" total="7" passed="3" failed="0" skipped="0">
  <reporter-output>
  </reporter-output>
  <suite started-at="2022-12-30T11:32:31 GMT-08:00" name="Suite" finished-at="2022-12-30T11:35:51 GMT-08:00" duration-ms="199890">
    <groups>
    </groups>
    <test started-at="2022-12-30T11:32:31 GMT-08:00" name="Test_All" finished-at="2022-12-30T11:35:51 GMT-08:00" duration-ms="199890">
      <class name="com.webapptestproject.testcases.PositiveTestCase">
        <test-method is-config="true" signature="setup(java.lang.String)[pri:0, instance:com.webapptestproject.testcases.PositiveTestCase@121314f7]" started-at="2022-12-30T11:33:30 GMT-08:00" name="setup" finished-at="2022-12-30T11:33:35 GMT-08:00" duration-ms="4777" status="PASS">
          <params>
            <param index="0">
              <value>
                <![CDATA[chrome]]>
              </value>
            </param>
          </params>
          <reporter-output>
          </reporter-output>
        </test-method> <!-- setup -->
        <test-method signature="checkForErrorReplacement(java.lang.String)[pri:0, instance:com.webapptestproject.testcases.PositiveTestCase@121314f7]" started-at="2022-12-30T11:33:35 GMT-08:00" name="checkForErrorReplacement" finished-at="2022-12-30T11:34:50 GMT-08:00" duration-ms="75164" status="PASS">
          <params>
            <param index="0">
              <value>
                <![CDATA[Grammarly: Grammar Checker and Writing App]]>
              </value>
            </param>
          </params>
          <reporter-output>
          </reporter-output>
        </test-method> <!-- checkForErrorReplacement -->
        <test-method is-config="true" signature="tearDown()[pri:0, instance:com.webapptestproject.testcases.PositiveTestCase@121314f7]" started-at="2022-12-30T11:34:50 GMT-08:00" name="tearDown" finished-at="2022-12-30T11:34:51 GMT-08:00" duration-ms="995" status="PASS">
          <reporter-output>
          </reporter-output>
        </test-method> <!-- tearDown -->
      </class> <!-- com.webapptestproject.testcases.PositiveTestCase -->
      <class name="com.webapptestproject.testcases.ExtensionPageTest">
        <test-method is-config="true" signature="loadConfig()[pri:0, instance:com.webapptestproject.testcases.ExtensionPageTest@242b836]" started-at="2022-12-30T11:32:30 GMT-08:00" name="loadConfig" finished-at="2022-12-30T11:32:31 GMT-08:00" duration-ms="1130" status="PASS">
          <reporter-output>
          </reporter-output>
        </test-method> <!-- loadConfig -->
        <test-method is-config="true" signature="setup(java.lang.String)[pri:0, instance:com.webapptestproject.testcases.ExtensionPageTest@242b836]" started-at="2022-12-30T11:32:32 GMT-08:00" name="setup" finished-at="2022-12-30T11:32:40 GMT-08:00" duration-ms="8921" status="PASS">
          <params>
            <param index="0">
              <value>
                <![CDATA[chrome]]>
              </value>
            </param>
          </params>
          <reporter-output>
          </reporter-output>
        </test-method> <!-- setup -->
        <test-method signature="validateIfExtensionInstalled(java.lang.String)[pri:0, instance:com.webapptestproject.testcases.ExtensionPageTest@242b836]" started-at="2022-12-30T11:32:40 GMT-08:00" name="validateIfExtensionInstalled" finished-at="2022-12-30T11:33:29 GMT-08:00" duration-ms="48597" status="PASS">
          <params>
            <param index="0">
              <value>
                <![CDATA[Grammarly: Grammar Checker and Writing App]]>
              </value>
            </param>
          </params>
          <reporter-output>
          </reporter-output>
        </test-method> <!-- validateIfExtensionInstalled -->
        <test-method is-config="true" signature="tearDown()[pri:0, instance:com.webapptestproject.testcases.ExtensionPageTest@242b836]" started-at="2022-12-30T11:33:29 GMT-08:00" name="tearDown" finished-at="2022-12-30T11:33:30 GMT-08:00" duration-ms="801" status="PASS">
          <reporter-output>
          </reporter-output>
        </test-method> <!-- tearDown -->
        <test-method is-config="true" signature="afterSuite()[pri:0, instance:com.webapptestproject.testcases.ExtensionPageTest@242b836]" started-at="2022-12-30T11:35:51 GMT-08:00" name="afterSuite" finished-at="2022-12-30T11:35:52 GMT-08:00" duration-ms="876" status="PASS">
          <reporter-output>
          </reporter-output>
        </test-method> <!-- afterSuite -->
      </class> <!-- com.webapptestproject.testcases.ExtensionPageTest -->
      <class name="com.webapptestproject.testcases.NegativeTestCase">
        <test-method is-config="true" signature="setup(java.lang.String)[pri:0, instance:com.webapptestproject.testcases.NegativeTestCase@130c12b7]" started-at="2022-12-30T11:34:51 GMT-08:00" name="setup" finished-at="2022-12-30T11:34:55 GMT-08:00" duration-ms="4492" status="PASS">
          <params>
            <param index="0">
              <value>
                <![CDATA[chrome]]>
              </value>
            </param>
          </params>
          <reporter-output>
          </reporter-output>
        </test-method> <!-- setup -->
        <test-method signature="validateLanguageErrorsAreNotDetected(java.lang.String)[pri:0, instance:com.webapptestproject.testcases.NegativeTestCase@130c12b7]" started-at="2022-12-30T11:34:55 GMT-08:00" name="validateLanguageErrorsAreNotDetected" finished-at="2022-12-30T11:35:50 GMT-08:00" duration-ms="55130" status="PASS">
          <params>
            <param index="0">
              <value>
                <![CDATA[Grammarly: Grammar Checker and Writing App]]>
              </value>
            </param>
          </params>
          <reporter-output>
          </reporter-output>
        </test-method> <!-- validateLanguageErrorsAreNotDetected -->
        <test-method is-config="true" signature="tearDown()[pri:0, instance:com.webapptestproject.testcases.NegativeTestCase@130c12b7]" started-at="2022-12-30T11:35:50 GMT-08:00" name="tearDown" finished-at="2022-12-30T11:35:51 GMT-08:00" duration-ms="901" status="PASS">
          <reporter-output>
          </reporter-output>
        </test-method> <!-- tearDown -->
      </class> <!-- com.webapptestproject.testcases.NegativeTestCase -->
    </test> <!-- Test_All -->
  </suite> <!-- Suite -->
</testng-results>
