<?xml version="1.0" encoding="UTF-8"?>
<testng-results ignored="4" total="7" passed="3" failed="0" skipped="0">
  <reporter-output>
  </reporter-output>
  <suite started-at="2022-12-25T21:19:29 GMT-08:00" name="Suite" finished-at="2022-12-25T21:23:24 GMT-08:00" duration-ms="235176">
    <groups>
    </groups>
    <test started-at="2022-12-25T21:19:29 GMT-08:00" name="Test_All" finished-at="2022-12-25T21:23:24 GMT-08:00" duration-ms="235176">
      <class name="com.webapptestproject.testcases.PositiveTestCase">
        <test-method is-config="true" signature="setup(java.lang.String)[pri:0, instance:com.webapptestproject.testcases.PositiveTestCase@5824a83d]" started-at="2022-12-25T21:20:56 GMT-08:00" name="setup" finished-at="2022-12-25T21:21:00 GMT-08:00" duration-ms="4862" status="PASS">
          <params>
            <param index="0">
              <value>
                <![CDATA[chrome]]>
              </value>
            </param>
          </params>
          <reporter-output>
          </reporter-output>
        </test-method> <!-- setup -->
        <test-method signature="checkForErrorReplaement(java.lang.String)[pri:0, instance:com.webapptestproject.testcases.PositiveTestCase@5824a83d]" started-at="2022-12-25T21:21:00 GMT-08:00" name="checkForErrorReplaement" finished-at="2022-12-25T21:22:15 GMT-08:00" duration-ms="74634" status="PASS">
          <params>
            <param index="0">
              <value>
                <![CDATA[Grammarly: Grammar Checker and Writing App]]>
              </value>
            </param>
          </params>
          <reporter-output>
          </reporter-output>
        </test-method> <!-- checkForErrorReplaement -->
        <test-method is-config="true" signature="tearDown()[pri:0, instance:com.webapptestproject.testcases.PositiveTestCase@5824a83d]" started-at="2022-12-25T21:22:15 GMT-08:00" name="tearDown" finished-at="2022-12-25T21:22:16 GMT-08:00" duration-ms="1224" status="PASS">
          <reporter-output>
          </reporter-output>
        </test-method> <!-- tearDown -->
      </class> <!-- com.webapptestproject.testcases.PositiveTestCase -->
      <class name="com.webapptestproject.testcases.ExtensionPageTest">
        <test-method is-config="true" signature="loadConfig()[pri:0, instance:com.webapptestproject.testcases.ExtensionPageTest@6fdbe764]" started-at="2022-12-25T21:19:27 GMT-08:00" name="loadConfig" finished-at="2022-12-25T21:19:29 GMT-08:00" duration-ms="1709" status="PASS">
          <reporter-output>
          </reporter-output>
        </test-method> <!-- loadConfig -->
        <test-method is-config="true" signature="setup(java.lang.String)[pri:0, instance:com.webapptestproject.testcases.ExtensionPageTest@6fdbe764]" started-at="2022-12-25T21:19:29 GMT-08:00" name="setup" finished-at="2022-12-25T21:19:39 GMT-08:00" duration-ms="9704" status="PASS">
          <params>
            <param index="0">
              <value>
                <![CDATA[chrome]]>
              </value>
            </param>
          </params>
          <reporter-output>
          </reporter-output>
        </test-method> <!-- setup -->
        <test-method signature="validateIfExtensionInstalled(java.lang.String)[pri:0, instance:com.webapptestproject.testcases.ExtensionPageTest@6fdbe764]" started-at="2022-12-25T21:19:39 GMT-08:00" name="validateIfExtensionInstalled" finished-at="2022-12-25T21:20:55 GMT-08:00" duration-ms="75839" status="PASS">
          <params>
            <param index="0">
              <value>
                <![CDATA[Grammarly: Grammar Checker and Writing App]]>
              </value>
            </param>
          </params>
          <reporter-output>
          </reporter-output>
        </test-method> <!-- validateIfExtensionInstalled -->
        <test-method is-config="true" signature="tearDown()[pri:0, instance:com.webapptestproject.testcases.ExtensionPageTest@6fdbe764]" started-at="2022-12-25T21:20:55 GMT-08:00" name="tearDown" finished-at="2022-12-25T21:20:56 GMT-08:00" duration-ms="871" status="PASS">
          <reporter-output>
          </reporter-output>
        </test-method> <!-- tearDown -->
        <test-method is-config="true" signature="afterSuite()[pri:0, instance:com.webapptestproject.testcases.ExtensionPageTest@6fdbe764]" started-at="2022-12-25T21:23:24 GMT-08:00" name="afterSuite" finished-at="2022-12-25T21:23:25 GMT-08:00" duration-ms="1018" status="PASS">
          <reporter-output>
          </reporter-output>
        </test-method> <!-- afterSuite -->
      </class> <!-- com.webapptestproject.testcases.ExtensionPageTest -->
      <class name="com.webapptestproject.testcases.NegativeTestCase">
        <test-method is-config="true" signature="setup(java.lang.String)[pri:0, instance:com.webapptestproject.testcases.NegativeTestCase@537f60bf]" started-at="2022-12-25T21:22:16 GMT-08:00" name="setup" finished-at="2022-12-25T21:22:23 GMT-08:00" duration-ms="6515" status="PASS">
          <params>
            <param index="0">
              <value>
                <![CDATA[chrome]]>
              </value>
            </param>
          </params>
          <reporter-output>
          </reporter-output>
        </test-method> <!-- setup -->
        <test-method signature="validateLanguageErrorsAreNotDetected(java.lang.String)[pri:0, instance:com.webapptestproject.testcases.NegativeTestCase@537f60bf]" started-at="2022-12-25T21:22:23 GMT-08:00" name="validateLanguageErrorsAreNotDetected" finished-at="2022-12-25T21:23:23 GMT-08:00" duration-ms="60318" status="PASS">
          <params>
            <param index="0">
              <value>
                <![CDATA[Grammarly: Grammar Checker and Writing App]]>
              </value>
            </param>
          </params>
          <reporter-output>
          </reporter-output>
        </test-method> <!-- validateLanguageErrorsAreNotDetected -->
        <test-method is-config="true" signature="tearDown()[pri:0, instance:com.webapptestproject.testcases.NegativeTestCase@537f60bf]" started-at="2022-12-25T21:23:23 GMT-08:00" name="tearDown" finished-at="2022-12-25T21:23:24 GMT-08:00" duration-ms="1090" status="PASS">
          <reporter-output>
          </reporter-output>
        </test-method> <!-- tearDown -->
      </class> <!-- com.webapptestproject.testcases.NegativeTestCase -->
    </test> <!-- Test_All -->
  </suite> <!-- Suite -->
</testng-results>
